<?xml version="1.0" encoding="UTF-8"?>
<testsuite xmlns:xsi="http://www.w3.org/2001/XMLSchema-instance" xsi:noNamespaceSchemaLocation="https://maven.apache.org/surefire/maven-surefire-plugin/xsd/surefire-test-report-3.0.xsd" version="3.0" name="edu.ucam.BibliotecaMusicalTest" time="0.139" tests="10" errors="0" skipped="0" failures="0">
  <properties>
[...]
</properties>
  <testcase name="testAssertNotSame" classname="edu.ucam.BibliotecaMusicalTest" time="0.059">
    <system-out><![CDATA[Inicialización global completada...
Inicio del test nº 1
Estado restaurado tras el test
]]></system-out>
  </testcase>
  <testcase name="testBuscarPlaylistPorNombre" classname="edu.ucam.BibliotecaMusicalTest" time="0.003">
    <system-out><![CDATA[Inicio del test nº 2
Estado restaurado tras el test
]]></system-out>
  </testcase>
  <testcase name="testAssertSameFallido" classname="edu.ucam.BibliotecaMusicalTest" time="0.002">
    <system-out><![CDATA[Inicio del test nº 3
Estado restaurado tras el test
]]></system-out>
  </testcase>
  <testcase name="testAgregarCancion" classname="edu.ucam.BibliotecaMusicalTest" time="0.003">
    <system-out><![CDATA[Inicio del test nº 4
Estado restaurado tras el test
]]></system-out>
  </testcase>
  <testcase name="testBuscarCancionPorTitulo" classname="edu.ucam.BibliotecaMusicalTest" time="0.004">
    <system-out><![CDATA[Inicio del test nº 5
Estado restaurado tras el test
]]></system-out>
  </testcase>
  <testcase name="testRegistrarUsuario" classname="edu.ucam.BibliotecaMusicalTest" time="0.002">
    <system-out><![CDATA[Inicio del test nº 6
Estado restaurado tras el test
]]></system-out>
  </testcase>
  <testcase name="testBuscarPlaylistPorNombreFalse" classname="edu.ucam.BibliotecaMusicalTest" time="0.003">
    <system-out><![CDATA[Inicio del test nº 7
Estado restaurado tras el test
]]></system-out>
  </testcase>
  <testcase name="testAssertArrayEquals" classname="edu.ucam.BibliotecaMusicalTest" time="0.004">
    <system-out><![CDATA[Inicio del test nº 8
Estado restaurado tras el test
]]></system-out>
  </testcase>
  <testcase name="testAssertNullFallido" classname="edu.ucam.BibliotecaMusicalTest" time="0.002">
    <system-out><![CDATA[Inicio del test nº 9
Estado restaurado tras el test
]]></system-out>
  </testcase>
  <testcase name="testBuscarCancionPorArtista" classname="edu.ucam.BibliotecaMusicalTest" time="0.002">
    <system-out><![CDATA[Inicio del test nº 10
Estado restaurado tras el test
]]></system-out>
  </testcase>
</testsuite>